The Value at location (1,1)666090
The Value at location (1,2)Madhubala Subramani
The Value at location (2,1)605482
The Value at location (2,2)Gunalan
The Value at location (3,1)165162
The Value at location (3,2)Aravind sekar
The Value at location (4,1)616278
The Value at location (4,2)velu vignesh
The Value at location (5,1)612682
The Value at location (5,2)Vishwas Bhai
The Value at location (6,1)672852
The Value at location (6,2)Jaya Surya (With Jagan AETNA)
The Value at location (7,1)674228
The Value at location (7,2)Krishna
The Value at location (8,1)685062
The Value at location (8,2)Nikitha Raj
The Value at location (9,1)674005
The Value at location (9,2)Sowmiyaa (Liberty)
The Value at location (10,1)674168
The Value at location (10,2)Prabhu Ganesh
The Value at location (11,1)674209
The Value at location (11,2)Abhilasha
The Value at location (12,1)366806
The Value at location (12,2)Hemachandran
The Value at location (13,1)168285
The Value at location (13,2)Jagan TL(Subramaniam Kalapana Devi)
The Value at location (14,1)674140
The Value at location (14,2)Karthik Balaje
The Value at location (15,1)559507
The Value at location (15,2)Achin, Swarna
